<?xml version="1.0" encoding="UTF-8"?>
<!-- Generated by org.testng.reporters.JUnitReportReporter -->
<testsuite hostname="Murali" failures="0" tests="1" name="com.cbir.primo.CheckStatus" time="30.480" errors="0" timestamp="2024-12-21T11:32:28 IST" skipped="0">
  <testcase classname="com.cbir.primo.CheckStatus" name="alfaPRIMO_CBIRstatus" time="30.480"/>
</testsuite> <!-- com.cbir.primo.CheckStatus -->
